<?xml version="1.0" encoding="UTF-8"?>
<!-- Generated by org.testng.reporters.JUnitReportReporter -->
<testsuite hostname="DESKTOP-JE5EOFQ" failures="0" tests="1" name="Scripts.Test0" time="0.003" errors="0" timestamp="2023-05-21T15:08:17 IST" skipped="0">
  <testcase classname="Scripts.Test0" name="tcl" time="0.003"/>
  <system-out>
    <![CDATA[Hello java]]>
  </system-out>
</testsuite> <!-- Scripts.Test0 -->
