<?xml version="1.0" encoding="UTF-8"?>
<!-- Generated by org.testng.reporters.JUnitReportReporter -->
<testsuite hostname="DESKTOP-JE5EOFQ" failures="0" tests="1" name="Scripts.Test3" time="0.004" errors="0" timestamp="2023-05-21T15:08:17 IST" skipped="0">
  <testcase classname="Scripts.Test3" name="tcl" time="0.004"/>
  <system-out>
    <![CDATA[Hello python selenoium]]>
  </system-out>
</testsuite> <!-- Scripts.Test3 -->
